2016-05-09 17:39:17,840 [DEBUG] from com.lightbend.lagom.internal.registry.ServiceRegistryModule in ForkJoinPool-6-worker-1 - Running in Dev mode. The com.lightbend.lagom.javadsl.api.ServiceLocator interface was bound to an implementation that will query the embedded Service Locator. This is fine to use only during development.
2016-05-09 17:39:18,845 [DEBUG] from play.api.libs.concurrent.ActorSystemProvider in ForkJoinPool-6-worker-1 - Starting application default Akka system: dispatcher-impl-application
2016-05-09 17:39:19,072 [DEBUG] from com.lightbend.lagom.internal.jackson.JacksonObjectMapperProvider in dispatcher-impl-application-akka.actor.default-dispatcher-4 - Registered Jackson module [com.fasterxml.jackson.module.paramnames.ParameterNamesModule]
2016-05-09 17:39:19,080 [DEBUG] from com.lightbend.lagom.internal.jackson.JacksonObjectMapperProvider in dispatcher-impl-application-akka.actor.default-dispatcher-4 - Registered Jackson module [com.fasterxml.jackson.datatype.jdk8.Jdk8Module]
2016-05-09 17:39:19,081 [DEBUG] from com.lightbend.lagom.internal.jackson.JacksonObjectMapperProvider in dispatcher-impl-application-akka.actor.default-dispatcher-4 - Registered Jackson module [com.fasterxml.jackson.datatype.jsr310.JavaTimeModule]
2016-05-09 17:39:19,084 [DEBUG] from com.lightbend.lagom.internal.jackson.JacksonObjectMapperProvider in dispatcher-impl-application-akka.actor.default-dispatcher-4 - Registered Jackson module [com.fasterxml.jackson.datatype.pcollections.PCollectionsModule]
2016-05-09 17:39:19,098 [DEBUG] from com.lightbend.lagom.internal.jackson.JacksonObjectMapperProvider in dispatcher-impl-application-akka.actor.default-dispatcher-4 - Registered Jackson module [com.fasterxml.jackson.datatype.guava.GuavaModule]
2016-05-09 17:39:19,726 [INFO] from play.api.Play in ForkJoinPool-6-worker-1 - Application started (Dev)
2016-05-09 17:41:58,717 [DEBUG] from play.api.http.MediaRange in netty-event-loop-3 - Unable to parse part of media range header 'application/json, text/javascript, */*; q=0.01'
2016-05-09 17:41:58,792 [DEBUG] from com.lightbend.lagom.internal.registry.ServiceRegistryServiceLocator in dispatcher-impl-application-akka.actor.default-dispatcher-7 - Locating service name=[add] ...
2016-05-09 17:41:58,846 [DEBUG] from com.lightbend.lagom.internal.registry.ServiceRegistryServiceLocator in ForkJoinPool-3-worker-15 - Service name=[add] can be reached at address=[]
2016-05-09 17:41:58,915 [ERROR] from dispatcher in dispatcher-impl-application-akka.actor.default-dispatcher-7 - Exception in PathCallId{pathPattern='/api/calculator/:op'}
com.lightbend.lagom.javadsl.api.transport.TransportException: <html xmlns="http://www.w3.org/1999/xhtml">
 <head>
	<title>La connexion a échoué</title>
	<meta http-equiv="Content-Type" content="text/html; charset=UTF-8">
	<meta http-equiv="X-UA-Compatible" content="chrome=1">
	<style type="text/css">
/*<![CDATA[*/
			 <!--
				a {
					color: #005BBB;
				}
				body {
					margin: 0;
					padding: 0 1em;
					color: black;
					font-family: sans-serif;
					padding: 0;
					background-color: white;
				}
				h1 {
					margin: 0 0 .6em 0;
					font-size: 180%;
					color: #ffA02F;
					font-weight: Normal;
				}
				ul, ol {
					margin: 0;
					margin-left: 1.5em;
					padding: 0;
				}
				ul > li, ol > li {
					margin-bottom: .5em;
				}
				ul {
					list-style: square;
					color: #ffA02F;
				}
				ul li span {
					color: #666666;
				}
				#errorPageContainer {
					position: relative;
					min-width: 12em;
					max-width: 48em;
					margin: 3em auto 3em auto;
					border: 1.3pt solid;
					border-color: #e3e3e3;
					border-radius: 3em 0 0 0;
					padding: 3em;
					background-color: #f8f8f8;
					color: #666666;
					z-index: 1;
				}
				#errorShortDesc p {
					overflow: auto;
					font-size: 130%;
					white-space: pre-wrap;
				}
				#errorLongDesc {
					font-size: 110%;
				}
				.yurl {
					display: inline-block;
					white-space: pre;
					overflow-x: auto;
					max-width: 100%;
					color: #005BBB;
				}
				#signatureContainer {
					padding-bottom: 2em;
					color:					#005BBB;
				}
				#ou {
					display: inline-block;
					min-width: 6em;
					max-width: 15em;
				}
				#logo {
					padding-right: 1em;
				}
				#warp a {
					font-family:     DejaVu Sans, Arial Unicode MS, sans-serif;
					font-weight:     bold;
					font-size:	     200%;
					color:			     #005BBB;
					text-decoration: none;
				}
			-->
	/*]]>*/
	</style><!--[if IE]>
			<style type="text/css">
					.yurl {
						height: 4.4ex;
					}
			</style>
		<![endif]-->
</head>
<body>
	<div id="warp">
		<a target="_blank" href="http://0.0.0.0:26313/api/op/add" title="Page d'erreur complète">?</a>
	</div>
	<div id="errorPageContainer">
		<div id="signatureContainer">
			 <a href="https://sissi.edf.fr/web/guest/guides/preconisation-technique/aeq_access_internet">
			<span id="ou">Service d'accès aux sites Internet pour les utilisateurs</span></a>
		</div>
		<div id="errorTitle">
			<h1 id="errorTitleText">La connexion a échoué</h1>
		</div>
		<div id="errorLongContent">
			<div id="errorShortDesc">
				<p id="errorShortDescText">Le site demandé ne peut être contacté par les infrastructures d'accès EDF.</p>
			</div>
			<div id="errorLongDesc">
				<p>L'adresse suivante ne répond pas :<br>
				<span class="yurl">http://0.0.0.0:26313/api/op/add</span></p>
				<ul>
					<li><span>Le site semble temporairement indisponible ou surchargé.</span></li>
				</ul>
			</div>
		</div>
	</div>
</body></html>
	  
	at com.lightbend.lagom.javadsl.api.transport.TransportException.fromCodeAndMessage(TransportException.java:49) ~[lagom-javadsl-api_2.11-1.0.0-M1.jar:1.0.0-M1]
	at com.lightbend.lagom.javadsl.jackson.JacksonExceptionSerializer.deserialize(JacksonExceptionSerializer.java:83) ~[lagom-javadsl-jackson_2.11-1.0.0-M1.jar:1.0.0-M1]
	at com.lightbend.lagom.internal.client.ClientServiceCallInvoker$$anonfun$com$lightbend$lagom$internal$client$ClientServiceCallInvoker$$makeStrictCall$1.apply(ServiceClientImplementor.scala:328) ~[lagom-javadsl-client_2.11-1.0.0-M1.jar:1.0.0-M1]
	at com.lightbend.lagom.internal.client.ClientServiceCallInvoker$$anonfun$com$lightbend$lagom$internal$client$ClientServiceCallInvoker$$makeStrictCall$1.apply(ServiceClientImplementor.scala:315) ~[lagom-javadsl-client_2.11-1.0.0-M1.jar:1.0.0-M1]
	at scala.util.Success$$anonfun$map$1.apply(Try.scala:237) ~[scala-library-2.11.7.jar:na]
	at scala.util.Try$.apply(Try.scala:192) ~[scala-library-2.11.7.jar:na]
	at scala.util.Success.map(Try.scala:237) ~[scala-library-2.11.7.jar:na]
	at scala.concurrent.Future$$anonfun$map$1.apply(Future.scala:235) ~[scala-library-2.11.7.jar:na]
	at scala.concurrent.Future$$anonfun$map$1.apply(Future.scala:235) ~[scala-library-2.11.7.jar:na]
	at scala.concurrent.impl.CallbackRunnable.run(Promise.scala:32) [scala-library-2.11.7.jar:na]
	at akka.dispatch.BatchingExecutor$AbstractBatch.processBatch(BatchingExecutor.scala:55) [akka-actor_2.11-2.4.2.jar:na]
	at akka.dispatch.BatchingExecutor$BlockableBatch$$anonfun$run$1.apply$mcV$sp(BatchingExecutor.scala:91) [akka-actor_2.11-2.4.2.jar:na]
	at akka.dispatch.BatchingExecutor$BlockableBatch$$anonfun$run$1.apply(BatchingExecutor.scala:91) [akka-actor_2.11-2.4.2.jar:na]
	at akka.dispatch.BatchingExecutor$BlockableBatch$$anonfun$run$1.apply(BatchingExecutor.scala:91) [akka-actor_2.11-2.4.2.jar:na]
	at scala.concurrent.BlockContext$.withBlockContext(BlockContext.scala:72) [scala-library-2.11.7.jar:na]
	at akka.dispatch.BatchingExecutor$BlockableBatch.run(BatchingExecutor.scala:90) [akka-actor_2.11-2.4.2.jar:na]
	at akka.dispatch.TaskInvocation.run(AbstractDispatcher.scala:39) [akka-actor_2.11-2.4.2.jar:na]
	at akka.dispatch.ForkJoinExecutorConfigurator$AkkaForkJoinTask.exec(AbstractDispatcher.scala:405) [akka-actor_2.11-2.4.2.jar:na]
	at scala.concurrent.forkjoin.ForkJoinTask.doExec(ForkJoinTask.java:260) [scala-library-2.11.7.jar:na]
	at scala.concurrent.forkjoin.ForkJoinPool$WorkQueue.runTask(ForkJoinPool.java:1339) [scala-library-2.11.7.jar:na]
	at scala.concurrent.forkjoin.ForkJoinPool.runWorker(ForkJoinPool.java:1979) [scala-library-2.11.7.jar:na]
	at scala.concurrent.forkjoin.ForkJoinWorkerThread.run(ForkJoinWorkerThread.java:107) [scala-library-2.11.7.jar:na]
2016-05-09 17:43:23,470 [DEBUG] from play.api.http.MediaRange in netty-event-loop-3 - Unable to parse part of media range header 'application/json, text/javascript, */*; q=0.01'
2016-05-09 17:43:23,482 [DEBUG] from com.lightbend.lagom.internal.registry.ServiceRegistryServiceLocator in dispatcher-impl-application-akka.actor.default-dispatcher-9 - Locating service name=[add] ...
2016-05-09 17:43:24,501 [ERROR] from dispatcher in dispatcher-impl-application-akka.actor.default-dispatcher-9 - Exception in PathCallId{pathPattern='/api/calculator/:op'}
java.net.ConnectException: Connection refused: no further information: /127.0.0.1:8888
	at org.asynchttpclient.netty.channel.NettyConnectListener.onFailure(NettyConnectListener.java:137) ~[async-http-client-2.0.0-RC9.jar:na]
	at org.asynchttpclient.netty.request.NettyChannelConnector$1.onFailure(NettyChannelConnector.java:95) ~[async-http-client-2.0.0-RC9.jar:na]
	at org.asynchttpclient.netty.SimpleChannelFutureListener.operationComplete(SimpleChannelFutureListener.java:28) ~[async-http-client-2.0.0-RC9.jar:na]
	at org.asynchttpclient.netty.SimpleChannelFutureListener.operationComplete(SimpleChannelFutureListener.java:20) ~[async-http-client-2.0.0-RC9.jar:na]
	at io.netty.util.concurrent.DefaultPromise.notifyListener0(DefaultPromise.java:683) ~[netty-common-4.0.34.Final.jar:4.0.34.Final]
	at io.netty.util.concurrent.DefaultPromise.notifyListeners0(DefaultPromise.java:604) ~[netty-common-4.0.34.Final.jar:4.0.34.Final]
	at io.netty.util.concurrent.DefaultPromise.notifyListeners(DefaultPromise.java:564) ~[netty-common-4.0.34.Final.jar:4.0.34.Final]
	at io.netty.util.concurrent.DefaultPromise.tryFailure(DefaultPromise.java:425) ~[netty-common-4.0.34.Final.jar:4.0.34.Final]
	at io.netty.channel.nio.AbstractNioChannel$AbstractNioUnsafe.fulfillConnectPromise(AbstractNioChannel.java:276) ~[netty-transport-4.0.34.Final.jar:4.0.34.Final]
	at io.netty.channel.nio.AbstractNioChannel$AbstractNioUnsafe.finishConnect(AbstractNioChannel.java:292) ~[netty-transport-4.0.34.Final.jar:4.0.34.Final]
	at io.netty.channel.nio.NioEventLoop.processSelectedKey(NioEventLoop.java:528) ~[netty-transport-4.0.34.Final.jar:4.0.34.Final]
	at io.netty.channel.nio.NioEventLoop.processSelectedKeysOptimized(NioEventLoop.java:468) ~[netty-transport-4.0.34.Final.jar:4.0.34.Final]
	at io.netty.channel.nio.NioEventLoop.processSelectedKeys(NioEventLoop.java:382) ~[netty-transport-4.0.34.Final.jar:4.0.34.Final]
	at io.netty.channel.nio.NioEventLoop.run(NioEventLoop.java:354) ~[netty-transport-4.0.34.Final.jar:4.0.34.Final]
	at io.netty.util.concurrent.SingleThreadEventExecutor$2.run(SingleThreadEventExecutor.java:112) ~[netty-common-4.0.34.Final.jar:4.0.34.Final]
	at io.netty.util.concurrent.DefaultThreadFactory$DefaultRunnableDecorator.run(DefaultThreadFactory.java:137) ~[netty-common-4.0.34.Final.jar:4.0.34.Final]
	at java.lang.Thread.run(Thread.java:745) ~[na:1.8.0_05]
Caused by: java.net.ConnectException: Connection refused: no further information: /127.0.0.1:8888
	at sun.nio.ch.SocketChannelImpl.checkConnect(Native Method) ~[na:1.8.0_05]
	at sun.nio.ch.SocketChannelImpl.finishConnect(SocketChannelImpl.java:712) ~[na:1.8.0_05]
	at io.netty.channel.socket.nio.NioSocketChannel.doFinishConnect(NioSocketChannel.java:224) ~[netty-transport-4.0.34.Final.jar:4.0.34.Final]
	at io.netty.channel.nio.AbstractNioChannel$AbstractNioUnsafe.finishConnect(AbstractNioChannel.java:289) ~[netty-transport-4.0.34.Final.jar:4.0.34.Final]
	... 7 common frames omitted
2016-05-09 17:43:24,501 [WARN] from com.lightbend.lagom.internal.registry.ServiceRegistryServiceLocator in ForkJoinPool-3-worker-9 - The service locator replied with an error when looking up the service name=[add] address
java.net.ConnectException: Connection refused: no further information: /127.0.0.1:8888
	at org.asynchttpclient.netty.channel.NettyConnectListener.onFailure(NettyConnectListener.java:137) ~[async-http-client-2.0.0-RC9.jar:na]
	at org.asynchttpclient.netty.request.NettyChannelConnector$1.onFailure(NettyChannelConnector.java:95) ~[async-http-client-2.0.0-RC9.jar:na]
	at org.asynchttpclient.netty.SimpleChannelFutureListener.operationComplete(SimpleChannelFutureListener.java:28) ~[async-http-client-2.0.0-RC9.jar:na]
	at org.asynchttpclient.netty.SimpleChannelFutureListener.operationComplete(SimpleChannelFutureListener.java:20) ~[async-http-client-2.0.0-RC9.jar:na]
	at io.netty.util.concurrent.DefaultPromise.notifyListener0(DefaultPromise.java:683) ~[netty-common-4.0.34.Final.jar:4.0.34.Final]
	at io.netty.util.concurrent.DefaultPromise.notifyListeners0(DefaultPromise.java:604) ~[netty-common-4.0.34.Final.jar:4.0.34.Final]
	at io.netty.util.concurrent.DefaultPromise.notifyListeners(DefaultPromise.java:564) ~[netty-common-4.0.34.Final.jar:4.0.34.Final]
	at io.netty.util.concurrent.DefaultPromise.tryFailure(DefaultPromise.java:425) ~[netty-common-4.0.34.Final.jar:4.0.34.Final]
	at io.netty.channel.nio.AbstractNioChannel$AbstractNioUnsafe.fulfillConnectPromise(AbstractNioChannel.java:276) ~[netty-transport-4.0.34.Final.jar:4.0.34.Final]
	at io.netty.channel.nio.AbstractNioChannel$AbstractNioUnsafe.finishConnect(AbstractNioChannel.java:292) ~[netty-transport-4.0.34.Final.jar:4.0.34.Final]
	at io.netty.channel.nio.NioEventLoop.processSelectedKey(NioEventLoop.java:528) ~[netty-transport-4.0.34.Final.jar:4.0.34.Final]
	at io.netty.channel.nio.NioEventLoop.processSelectedKeysOptimized(NioEventLoop.java:468) ~[netty-transport-4.0.34.Final.jar:4.0.34.Final]
	at io.netty.channel.nio.NioEventLoop.processSelectedKeys(NioEventLoop.java:382) ~[netty-transport-4.0.34.Final.jar:4.0.34.Final]
	at io.netty.channel.nio.NioEventLoop.run(NioEventLoop.java:354) ~[netty-transport-4.0.34.Final.jar:4.0.34.Final]
	at io.netty.util.concurrent.SingleThreadEventExecutor$2.run(SingleThreadEventExecutor.java:112) ~[netty-common-4.0.34.Final.jar:4.0.34.Final]
	at io.netty.util.concurrent.DefaultThreadFactory$DefaultRunnableDecorator.run(DefaultThreadFactory.java:137) ~[netty-common-4.0.34.Final.jar:4.0.34.Final]
	at java.lang.Thread.run(Thread.java:745) ~[na:1.8.0_05]
Caused by: java.net.ConnectException: Connection refused: no further information: /127.0.0.1:8888
	at sun.nio.ch.SocketChannelImpl.checkConnect(Native Method) ~[na:1.8.0_05]
	at sun.nio.ch.SocketChannelImpl.finishConnect(SocketChannelImpl.java:712) ~[na:1.8.0_05]
	at io.netty.channel.socket.nio.NioSocketChannel.doFinishConnect(NioSocketChannel.java:224) ~[netty-transport-4.0.34.Final.jar:4.0.34.Final]
	at io.netty.channel.nio.AbstractNioChannel$AbstractNioUnsafe.finishConnect(AbstractNioChannel.java:289) ~[netty-transport-4.0.34.Final.jar:4.0.34.Final]
	... 7 common frames omitted
2016-05-09 17:43:50,461 [DEBUG] from play.api.http.MediaRange in netty-event-loop-3 - Unable to parse part of media range header 'application/json, text/javascript, */*; q=0.01'
2016-05-09 17:43:50,469 [DEBUG] from com.lightbend.lagom.internal.registry.ServiceRegistryServiceLocator in dispatcher-impl-application-akka.actor.default-dispatcher-10 - Locating service name=[add] ...
2016-05-09 17:43:50,498 [DEBUG] from com.lightbend.lagom.internal.registry.ServiceRegistryServiceLocator in ForkJoinPool-3-worker-3 - Service name=[add] can be reached at address=[]
2016-05-09 17:44:00,489 [ERROR] from dispatcher in dispatcher-impl-application-akka.actor.default-dispatcher-11 - Exception in PathCallId{pathPattern='/api/calculator/:op'}
akka.pattern.CircuitBreaker$$anon$1: Circuit Breaker Timed out.
2016-05-10 09:26:59,515 [ERROR] from application in dispatcher-impl-application-akka.actor.default-dispatcher-8 - Error executing stop hook
java.net.ConnectException: Connection refused: no further information: /127.0.0.1:8888
	at org.asynchttpclient.netty.channel.NettyConnectListener.onFailure(NettyConnectListener.java:137) ~[async-http-client-2.0.0-RC9.jar:na]
	at org.asynchttpclient.netty.request.NettyChannelConnector$1.onFailure(NettyChannelConnector.java:95) ~[async-http-client-2.0.0-RC9.jar:na]
	at org.asynchttpclient.netty.SimpleChannelFutureListener.operationComplete(SimpleChannelFutureListener.java:28) ~[async-http-client-2.0.0-RC9.jar:na]
	at org.asynchttpclient.netty.SimpleChannelFutureListener.operationComplete(SimpleChannelFutureListener.java:20) ~[async-http-client-2.0.0-RC9.jar:na]
	at io.netty.util.concurrent.DefaultPromise.notifyListener0(DefaultPromise.java:683) ~[netty-common-4.0.34.Final.jar:4.0.34.Final]
	at io.netty.util.concurrent.DefaultPromise.notifyListeners0(DefaultPromise.java:604) ~[netty-common-4.0.34.Final.jar:4.0.34.Final]
	at io.netty.util.concurrent.DefaultPromise.notifyListeners(DefaultPromise.java:564) ~[netty-common-4.0.34.Final.jar:4.0.34.Final]
	at io.netty.util.concurrent.DefaultPromise.tryFailure(DefaultPromise.java:425) ~[netty-common-4.0.34.Final.jar:4.0.34.Final]
	at io.netty.channel.nio.AbstractNioChannel$AbstractNioUnsafe.fulfillConnectPromise(AbstractNioChannel.java:276) ~[netty-transport-4.0.34.Final.jar:4.0.34.Final]
	at io.netty.channel.nio.AbstractNioChannel$AbstractNioUnsafe.finishConnect(AbstractNioChannel.java:292) ~[netty-transport-4.0.34.Final.jar:4.0.34.Final]
	at io.netty.channel.nio.NioEventLoop.processSelectedKey(NioEventLoop.java:528) ~[netty-transport-4.0.34.Final.jar:4.0.34.Final]
	at io.netty.channel.nio.NioEventLoop.processSelectedKeysOptimized(NioEventLoop.java:468) ~[netty-transport-4.0.34.Final.jar:4.0.34.Final]
	at io.netty.channel.nio.NioEventLoop.processSelectedKeys(NioEventLoop.java:382) ~[netty-transport-4.0.34.Final.jar:4.0.34.Final]
	at io.netty.channel.nio.NioEventLoop.run(NioEventLoop.java:354) ~[netty-transport-4.0.34.Final.jar:4.0.34.Final]
	at io.netty.util.concurrent.SingleThreadEventExecutor$2.run(SingleThreadEventExecutor.java:112) ~[netty-common-4.0.34.Final.jar:4.0.34.Final]
	at io.netty.util.concurrent.DefaultThreadFactory$DefaultRunnableDecorator.run(DefaultThreadFactory.java:137) ~[netty-common-4.0.34.Final.jar:4.0.34.Final]
	at java.lang.Thread.run(Thread.java:745) ~[na:1.8.0_05]
Caused by: java.net.ConnectException: Connection refused: no further information: /127.0.0.1:8888
	at sun.nio.ch.SocketChannelImpl.checkConnect(Native Method) ~[na:1.8.0_05]
	at sun.nio.ch.SocketChannelImpl.finishConnect(SocketChannelImpl.java:712) ~[na:1.8.0_05]
	at io.netty.channel.socket.nio.NioSocketChannel.doFinishConnect(NioSocketChannel.java:224) ~[netty-transport-4.0.34.Final.jar:4.0.34.Final]
	at io.netty.channel.nio.AbstractNioChannel$AbstractNioUnsafe.finishConnect(AbstractNioChannel.java:289) ~[netty-transport-4.0.34.Final.jar:4.0.34.Final]
	... 7 common frames omitted
2016-05-10 09:26:59,539 [DEBUG] from play.api.libs.concurrent.ActorSystemProvider in dispatcher-impl-application-akka.actor.default-dispatcher-8 - Shutdown application default Akka system: dispatcher-impl-application
